[     243ms] [WARNING] The AudioContext was not allowed to start. It must be resumed (or created) after a user gesture on the page. https://developer.chrome.com/blog/autoplay/#web_audio @ http://localhost:8080/client.js:0
[     344ms] [WARNING] The AudioContext was not allowed to start. It must be resumed (or created) after a user gesture on the page. https://developer.chrome.com/blog/autoplay/#web_audio @ http://localhost:8080/client.js:0
[     344ms] [WARNING] The AudioContext was not allowed to start. It must be resumed (or created) after a user gesture on the page. https://developer.chrome.com/blog/autoplay/#web_audio @ http://localhost:8080/client.js:0
[     346ms] [WARNING] The AudioContext was not allowed to start. It must be resumed (or created) after a user gesture on the page. https://developer.chrome.com/blog/autoplay/#web_audio @ http://localhost:8080/client.js:0
[     346ms] [WARNING] The AudioContext was not allowed to start. It must be resumed (or created) after a user gesture on the page. https://developer.chrome.com/blog/autoplay/#web_audio @ http://localhost:8080/client.js:0
[     348ms] [LOG] created session at Local/17/public/default/0/PlayerId(3) @ http://localhost:8080/client.js:0
[     359ms] [WARNING] The AudioContext was not allowed to start. It must be resumed (or created) after a user gesture on the page. https://developer.chrome.com/blog/autoplay/#web_audio @ http://localhost:8080/client.js:0
[     359ms] [WARNING] The AudioContext was not allowed to start. It must be resumed (or created) after a user gesture on the page. https://developer.chrome.com/blog/autoplay/#web_audio @ http://localhost:8080/client.js:0
[     370ms] [LOG] msg: createdInvitationId=HYJYKL @ http://localhost:8080/client.js:0
[   98193ms] [LOG] msg: inGame @ http://localhost:8080/client.js:0
[  697797ms] [ERROR] WebSocket connection to 'ws://localhost:8080/ws?arena_id=public%2Fdefault%2F0%2F3%2F3911173378&session_token=5141456833855794563&date_created=1776319364268&timezone_offset=420&user_agent=Mozilla%2F5.0+%28Macintosh%3B+Intel+Mac+OS+X+10_15_7%29+AppleWebKit%2F537.36+%28KHTML%2C+like+Gecko%29+Chrome%2F147.0.0.0+Safari%2F537.36&http=2&dom=3' failed: Error in connection establishment: net::ERR_CONNECTION_REFUSED @ http://localhost:8080/client.js:0
[  698798ms] [ERROR] WebSocket connection to 'ws://localhost:8080/ws?arena_id=public%2Fdefault%2F0%2F3%2F3911173378&session_token=5141456833855794563&date_created=1776319364268&timezone_offset=420&user_agent=Mozilla%2F5.0+%28Macintosh%3B+Intel+Mac+OS+X+10_15_7%29+AppleWebKit%2F537.36+%28KHTML%2C+like+Gecko%29+Chrome%2F147.0.0.0+Safari%2F537.36&http=2&dom=3' failed: Error in connection establishment: net::ERR_CONNECTION_REFUSED @ http://localhost:8080/client.js:0
[  700248ms] [ERROR] cannot send on Error websocket @ http://localhost:8080/client.js:0
[  700598ms] [ERROR] WebSocket connection to 'ws://localhost:8080/ws?arena_id=public%2Fdefault%2F0%2F3%2F3911173378&session_token=5141456833855794563&date_created=1776319364268&timezone_offset=420&user_agent=Mozilla%2F5.0+%28Macintosh%3B+Intel+Mac+OS+X+10_15_7%29+AppleWebKit%2F537.36+%28KHTML%2C+like+Gecko%29+Chrome%2F147.0.0.0+Safari%2F537.36&http=2&dom=3' failed: Error in connection establishment: net::ERR_CONNECTION_REFUSED @ http://localhost:8080/client.js:0
[  703850ms] [ERROR] WebSocket connection to 'ws://localhost:8080/ws?arena_id=public%2Fdefault%2F0%2F3%2F3911173378&session_token=5141456833855794563&date_created=1776319364268&timezone_offset=420&user_agent=Mozilla%2F5.0+%28Macintosh%3B+Intel+Mac+OS+X+10_15_7%29+AppleWebKit%2F537.36+%28KHTML%2C+like+Gecko%29+Chrome%2F147.0.0.0+Safari%2F537.36&http=2&dom=3' failed: Error in connection establishment: net::ERR_CONNECTION_REFUSED @ http://localhost:8080/client.js:0
[  704750ms] [ERROR] cannot send on Error websocket @ http://localhost:8080/client.js:0
[  709252ms] [ERROR] cannot send on Error websocket @ http://localhost:8080/client.js:0
[  709688ms] [ERROR] WebSocket connection to 'ws://localhost:8080/ws?arena_id=public%2Fdefault%2F0%2F3%2F3911173378&session_token=5141456833855794563&date_created=1776319364268&timezone_offset=420&user_agent=Mozilla%2F5.0+%28Macintosh%3B+Intel+Mac+OS+X+10_15_7%29+AppleWebKit%2F537.36+%28KHTML%2C+like+Gecko%29+Chrome%2F147.0.0.0+Safari%2F537.36&http=2&dom=3' failed: Error in connection establishment: net::ERR_CONNECTION_REFUSED @ http://localhost:8080/client.js:0
[  713754ms] [ERROR] cannot send on Error websocket @ http://localhost:8080/client.js:0
[  718256ms] [ERROR] cannot send on Error websocket @ http://localhost:8080/client.js:0
[  720191ms] [LOG] gave up on reconnects @ http://localhost:8080/client.js:0
[  720193ms] [LOG] msg: spawning @ http://localhost:8080/client.js:0
[  722758ms] [ERROR] cannot send on Error websocket @ http://localhost:8080/client.js:0
[  727261ms] [ERROR] cannot send on Error websocket @ http://localhost:8080/client.js:0
[  728961ms] [ERROR] cannot send on Error websocket @ http://localhost:8080/client.js:0
[  733464ms] [ERROR] cannot send on Error websocket @ http://localhost:8080/client.js:0
[  737965ms] [ERROR] cannot send on Error websocket @ http://localhost:8080/client.js:0
[  742467ms] [ERROR] cannot send on Error websocket @ http://localhost:8080/client.js:0
[  746969ms] [ERROR] cannot send on Error websocket @ http://localhost:8080/client.js:0
[  751471ms] [ERROR] cannot send on Error websocket @ http://localhost:8080/client.js:0
[  755974ms] [ERROR] cannot send on Error websocket @ http://localhost:8080/client.js:0
[  760476ms] [ERROR] cannot send on Error websocket @ http://localhost:8080/client.js:0
[  764978ms] [ERROR] cannot send on Error websocket @ http://localhost:8080/client.js:0
[  769480ms] [ERROR] cannot send on Error websocket @ http://localhost:8080/client.js:0
[  773982ms] [ERROR] cannot send on Error websocket @ http://localhost:8080/client.js:0
[  778484ms] [ERROR] cannot send on Error websocket @ http://localhost:8080/client.js:0
[  782986ms] [ERROR] cannot send on Error websocket @ http://localhost:8080/client.js:0
[  787489ms] [ERROR] cannot send on Error websocket @ http://localhost:8080/client.js:0
[  789189ms] [ERROR] cannot send on Error websocket @ http://localhost:8080/client.js:0
[  793691ms] [ERROR] cannot send on Error websocket @ http://localhost:8080/client.js:0
[  798193ms] [ERROR] cannot send on Error websocket @ http://localhost:8080/client.js:0
[  802695ms] [ERROR] cannot send on Error websocket @ http://localhost:8080/client.js:0
[  807197ms] [ERROR] cannot send on Error websocket @ http://localhost:8080/client.js:0
[  811698ms] [ERROR] cannot send on Error websocket @ http://localhost:8080/client.js:0
[  816202ms] [ERROR] cannot send on Error websocket @ http://localhost:8080/client.js:0
[  820702ms] [ERROR] cannot send on Error websocket @ http://localhost:8080/client.js:0
[  825205ms] [ERROR] cannot send on Error websocket @ http://localhost:8080/client.js:0
[  829708ms] [ERROR] cannot send on Error websocket @ http://localhost:8080/client.js:0
[  834210ms] [ERROR] cannot send on Error websocket @ http://localhost:8080/client.js:0
[  838712ms] [ERROR] cannot send on Error websocket @ http://localhost:8080/client.js:0
[  843214ms] [ERROR] cannot send on Error websocket @ http://localhost:8080/client.js:0
[  847716ms] [ERROR] cannot send on Error websocket @ http://localhost:8080/client.js:0
[  849417ms] [ERROR] cannot send on Error websocket @ http://localhost:8080/client.js:0
[  853919ms] [ERROR] cannot send on Error websocket @ http://localhost:8080/client.js:0
[  858421ms] [ERROR] cannot send on Error websocket @ http://localhost:8080/client.js:0
[  862922ms] [ERROR] cannot send on Error websocket @ http://localhost:8080/client.js:0
[  867424ms] [ERROR] cannot send on Error websocket @ http://localhost:8080/client.js:0
[  871927ms] [ERROR] cannot send on Error websocket @ http://localhost:8080/client.js:0
[  876429ms] [ERROR] cannot send on Error websocket @ http://localhost:8080/client.js:0
[  880932ms] [ERROR] cannot send on Error websocket @ http://localhost:8080/client.js:0
[  885433ms] [ERROR] cannot send on Error websocket @ http://localhost:8080/client.js:0
[  889936ms] [ERROR] cannot send on Error websocket @ http://localhost:8080/client.js:0
[  894438ms] [ERROR] cannot send on Error websocket @ http://localhost:8080/client.js:0
[  898940ms] [ERROR] cannot send on Error websocket @ http://localhost:8080/client.js:0
[  903442ms] [ERROR] cannot send on Error websocket @ http://localhost:8080/client.js:0
[  907943ms] [ERROR] cannot send on Error websocket @ http://localhost:8080/client.js:0
[  909645ms] [ERROR] cannot send on Error websocket @ http://localhost:8080/client.js:0
[  914146ms] [ERROR] cannot send on Error websocket @ http://localhost:8080/client.js:0
[  918648ms] [ERROR] cannot send on Error websocket @ http://localhost:8080/client.js:0
[  923151ms] [ERROR] cannot send on Error websocket @ http://localhost:8080/client.js:0
[  927653ms] [ERROR] cannot send on Error websocket @ http://localhost:8080/client.js:0
[  932155ms] [ERROR] cannot send on Error websocket @ http://localhost:8080/client.js:0
[  936657ms] [ERROR] cannot send on Error websocket @ http://localhost:8080/client.js:0
[  941159ms] [ERROR] cannot send on Error websocket @ http://localhost:8080/client.js:0
[  945661ms] [ERROR] cannot send on Error websocket @ http://localhost:8080/client.js:0
[  950163ms] [ERROR] cannot send on Error websocket @ http://localhost:8080/client.js:0
[  954665ms] [ERROR] cannot send on Error websocket @ http://localhost:8080/client.js:0
[  959167ms] [ERROR] cannot send on Error websocket @ http://localhost:8080/client.js:0
[  963669ms] [ERROR] cannot send on Error websocket @ http://localhost:8080/client.js:0
[  968171ms] [ERROR] cannot send on Error websocket @ http://localhost:8080/client.js:0
[  969873ms] [ERROR] cannot send on Error websocket @ http://localhost:8080/client.js:0
[  974374ms] [ERROR] cannot send on Error websocket @ http://localhost:8080/client.js:0
[  978876ms] [ERROR] cannot send on Error websocket @ http://localhost:8080/client.js:0
[  983377ms] [ERROR] cannot send on Error websocket @ http://localhost:8080/client.js:0
[  987881ms] [ERROR] cannot send on Error websocket @ http://localhost:8080/client.js:0
[  992382ms] [ERROR] cannot send on Error websocket @ http://localhost:8080/client.js:0
[  996885ms] [ERROR] cannot send on Error websocket @ http://localhost:8080/client.js:0
[ 1001386ms] [ERROR] cannot send on Error websocket @ http://localhost:8080/client.js:0
[ 1005889ms] [ERROR] cannot send on Error websocket @ http://localhost:8080/client.js:0
[ 1010391ms] [ERROR] cannot send on Error websocket @ http://localhost:8080/client.js:0
[ 1014893ms] [ERROR] cannot send on Error websocket @ http://localhost:8080/client.js:0
[ 1019394ms] [ERROR] cannot send on Error websocket @ http://localhost:8080/client.js:0
[ 1023896ms] [ERROR] cannot send on Error websocket @ http://localhost:8080/client.js:0
[ 1028399ms] [ERROR] cannot send on Error websocket @ http://localhost:8080/client.js:0
[ 1030099ms] [ERROR] cannot send on Error websocket @ http://localhost:8080/client.js:0
[ 1034600ms] [ERROR] cannot send on Error websocket @ http://localhost:8080/client.js:0
[ 1039102ms] [ERROR] cannot send on Error websocket @ http://localhost:8080/client.js:0
[ 1043604ms] [ERROR] cannot send on Error websocket @ http://localhost:8080/client.js:0
[ 1048106ms] [ERROR] cannot send on Error websocket @ http://localhost:8080/client.js:0
[ 1052608ms] [ERROR] cannot send on Error websocket @ http://localhost:8080/client.js:0
[ 1057110ms] [ERROR] cannot send on Error websocket @ http://localhost:8080/client.js:0
[ 1061613ms] [ERROR] cannot send on Error websocket @ http://localhost:8080/client.js:0
[ 1066115ms] [ERROR] cannot send on Error websocket @ http://localhost:8080/client.js:0
[ 1070617ms] [ERROR] cannot send on Error websocket @ http://localhost:8080/client.js:0
[ 1075119ms] [ERROR] cannot send on Error websocket @ http://localhost:8080/client.js:0
[ 1079620ms] [ERROR] cannot send on Error websocket @ http://localhost:8080/client.js:0
[ 1084123ms] [ERROR] cannot send on Error websocket @ http://localhost:8080/client.js:0
[ 1088625ms] [ERROR] cannot send on Error websocket @ http://localhost:8080/client.js:0
[ 1090326ms] [ERROR] cannot send on Error websocket @ http://localhost:8080/client.js:0
[ 1094828ms] [ERROR] cannot send on Error websocket @ http://localhost:8080/client.js:0
[ 1099329ms] [ERROR] cannot send on Error websocket @ http://localhost:8080/client.js:0
[ 1103832ms] [ERROR] cannot send on Error websocket @ http://localhost:8080/client.js:0
[ 1108334ms] [ERROR] cannot send on Error websocket @ http://localhost:8080/client.js:0
[ 1112836ms] [ERROR] cannot send on Error websocket @ http://localhost:8080/client.js:0
[ 1117338ms] [ERROR] cannot send on Error websocket @ http://localhost:8080/client.js:0
[ 1121841ms] [ERROR] cannot send on Error websocket @ http://localhost:8080/client.js:0
[ 1126342ms] [ERROR] cannot send on Error websocket @ http://localhost:8080/client.js:0
[ 1130844ms] [ERROR] cannot send on Error websocket @ http://localhost:8080/client.js:0
[ 1135347ms] [ERROR] cannot send on Error websocket @ http://localhost:8080/client.js:0
[ 1139849ms] [ERROR] cannot send on Error websocket @ http://localhost:8080/client.js:0
[ 1144351ms] [ERROR] cannot send on Error websocket @ http://localhost:8080/client.js:0
[ 1148853ms] [ERROR] cannot send on Error websocket @ http://localhost:8080/client.js:0
[ 1150553ms] [ERROR] cannot send on Error websocket @ http://localhost:8080/client.js:0
[ 1155055ms] [ERROR] cannot send on Error websocket @ http://localhost:8080/client.js:0
[ 1159558ms] [ERROR] cannot send on Error websocket @ http://localhost:8080/client.js:0
[ 1164060ms] [ERROR] cannot send on Error websocket @ http://localhost:8080/client.js:0
[ 1168562ms] [ERROR] cannot send on Error websocket @ http://localhost:8080/client.js:0
[ 1173063ms] [ERROR] cannot send on Error websocket @ http://localhost:8080/client.js:0
[ 1177566ms] [ERROR] cannot send on Error websocket @ http://localhost:8080/client.js:0
[ 1182069ms] [ERROR] cannot send on Error websocket @ http://localhost:8080/client.js:0
[ 1186570ms] [ERROR] cannot send on Error websocket @ http://localhost:8080/client.js:0
[ 1191072ms] [ERROR] cannot send on Error websocket @ http://localhost:8080/client.js:0
[ 1195575ms] [ERROR] cannot send on Error websocket @ http://localhost:8080/client.js:0
[ 1200077ms] [ERROR] cannot send on Error websocket @ http://localhost:8080/client.js:0
[ 1204578ms] [ERROR] cannot send on Error websocket @ http://localhost:8080/client.js:0
[ 1209080ms] [ERROR] cannot send on Error websocket @ http://localhost:8080/client.js:0
[ 1210781ms] [ERROR] cannot send on Error websocket @ http://localhost:8080/client.js:0
[ 1215284ms] [ERROR] cannot send on Error websocket @ http://localhost:8080/client.js:0
[ 1219785ms] [ERROR] cannot send on Error websocket @ http://localhost:8080/client.js:0
[ 1224287ms] [ERROR] cannot send on Error websocket @ http://localhost:8080/client.js:0
[ 1228789ms] [ERROR] cannot send on Error websocket @ http://localhost:8080/client.js:0
[ 1233291ms] [ERROR] cannot send on Error websocket @ http://localhost:8080/client.js:0
[ 1237794ms] [ERROR] cannot send on Error websocket @ http://localhost:8080/client.js:0
[ 1242296ms] [ERROR] cannot send on Error websocket @ http://localhost:8080/client.js:0
[ 1246799ms] [ERROR] cannot send on Error websocket @ http://localhost:8080/client.js:0
[ 1251300ms] [ERROR] cannot send on Error websocket @ http://localhost:8080/client.js:0
[ 1255802ms] [ERROR] cannot send on Error websocket @ http://localhost:8080/client.js:0
[ 1260304ms] [ERROR] cannot send on Error websocket @ http://localhost:8080/client.js:0
[ 1264806ms] [ERROR] cannot send on Error websocket @ http://localhost:8080/client.js:0
[ 1269308ms] [ERROR] cannot send on Error websocket @ http://localhost:8080/client.js:0
[ 1271009ms] [ERROR] cannot send on Error websocket @ http://localhost:8080/client.js:0
[ 1275511ms] [ERROR] cannot send on Error websocket @ http://localhost:8080/client.js:0
[ 1280013ms] [ERROR] cannot send on Error websocket @ http://localhost:8080/client.js:0
[ 1284515ms] [ERROR] cannot send on Error websocket @ http://localhost:8080/client.js:0
[ 1289017ms] [ERROR] cannot send on Error websocket @ http://localhost:8080/client.js:0
[ 1293519ms] [ERROR] cannot send on Error websocket @ http://localhost:8080/client.js:0
[ 1298021ms] [ERROR] cannot send on Error websocket @ http://localhost:8080/client.js:0
[ 1302523ms] [ERROR] cannot send on Error websocket @ http://localhost:8080/client.js:0
[ 1307026ms] [ERROR] cannot send on Error websocket @ http://localhost:8080/client.js:0
[ 1311527ms] [ERROR] cannot send on Error websocket @ http://localhost:8080/client.js:0
[ 1316029ms] [ERROR] cannot send on Error websocket @ http://localhost:8080/client.js:0
[ 1320532ms] [ERROR] cannot send on Error websocket @ http://localhost:8080/client.js:0
[ 1325034ms] [ERROR] cannot send on Error websocket @ http://localhost:8080/client.js:0
[ 1329536ms] [ERROR] cannot send on Error websocket @ http://localhost:8080/client.js:0
[ 1331236ms] [ERROR] cannot send on Error websocket @ http://localhost:8080/client.js:0
[ 1335738ms] [ERROR] cannot send on Error websocket @ http://localhost:8080/client.js:0
[ 1340241ms] [ERROR] cannot send on Error websocket @ http://localhost:8080/client.js:0
[ 1344743ms] [ERROR] cannot send on Error websocket @ http://localhost:8080/client.js:0
[ 1349245ms] [ERROR] cannot send on Error websocket @ http://localhost:8080/client.js:0
[ 1353747ms] [ERROR] cannot send on Error websocket @ http://localhost:8080/client.js:0
[ 1358249ms] [ERROR] cannot send on Error websocket @ http://localhost:8080/client.js:0
[ 1362752ms] [ERROR] cannot send on Error websocket @ http://localhost:8080/client.js:0
[ 1367253ms] [ERROR] cannot send on Error websocket @ http://localhost:8080/client.js:0
[ 1371756ms] [ERROR] cannot send on Error websocket @ http://localhost:8080/client.js:0
[ 1376258ms] [ERROR] cannot send on Error websocket @ http://localhost:8080/client.js:0
[ 1380759ms] [ERROR] cannot send on Error websocket @ http://localhost:8080/client.js:0
[ 1385261ms] [ERROR] cannot send on Error websocket @ http://localhost:8080/client.js:0
[ 1389764ms] [ERROR] cannot send on Error websocket @ http://localhost:8080/client.js:0
[ 1391464ms] [ERROR] cannot send on Error websocket @ http://localhost:8080/client.js:0
[ 1395966ms] [ERROR] cannot send on Error websocket @ http://localhost:8080/client.js:0
[ 1400469ms] [ERROR] cannot send on Error websocket @ http://localhost:8080/client.js:0
[ 1404971ms] [ERROR] cannot send on Error websocket @ http://localhost:8080/client.js:0
[ 1409472ms] [ERROR] cannot send on Error websocket @ http://localhost:8080/client.js:0
[ 1413975ms] [ERROR] cannot send on Error websocket @ http://localhost:8080/client.js:0
[ 1418477ms] [ERROR] cannot send on Error websocket @ http://localhost:8080/client.js:0
[ 1422979ms] [ERROR] cannot send on Error websocket @ http://localhost:8080/client.js:0
[ 1427481ms] [ERROR] cannot send on Error websocket @ http://localhost:8080/client.js:0
[ 1431983ms] [ERROR] cannot send on Error websocket @ http://localhost:8080/client.js:0
[ 1436486ms] [ERROR] cannot send on Error websocket @ http://localhost:8080/client.js:0
[ 1440987ms] [ERROR] cannot send on Error websocket @ http://localhost:8080/client.js:0
[ 1445488ms] [ERROR] cannot send on Error websocket @ http://localhost:8080/client.js:0
[ 1449991ms] [ERROR] cannot send on Error websocket @ http://localhost:8080/client.js:0
[ 1451692ms] [ERROR] cannot send on Error websocket @ http://localhost:8080/client.js:0
[ 1456194ms] [ERROR] cannot send on Error websocket @ http://localhost:8080/client.js:0
[ 1460696ms] [ERROR] cannot send on Error websocket @ http://localhost:8080/client.js:0
[ 1465198ms] [ERROR] cannot send on Error websocket @ http://localhost:8080/client.js:0
[ 1469700ms] [ERROR] cannot send on Error websocket @ http://localhost:8080/client.js:0
[ 1474203ms] [ERROR] cannot send on Error websocket @ http://localhost:8080/client.js:0
[ 1478704ms] [ERROR] cannot send on Error websocket @ http://localhost:8080/client.js:0
[ 1483206ms] [ERROR] cannot send on Error websocket @ http://localhost:8080/client.js:0
[ 1487709ms] [ERROR] cannot send on Error websocket @ http://localhost:8080/client.js:0
[ 1492210ms] [ERROR] cannot send on Error websocket @ http://localhost:8080/client.js:0
[ 1496713ms] [ERROR] cannot send on Error websocket @ http://localhost:8080/client.js:0
[ 1501215ms] [ERROR] cannot send on Error websocket @ http://localhost:8080/client.js:0
[ 1505717ms] [ERROR] cannot send on Error websocket @ http://localhost:8080/client.js:0
[ 1510219ms] [ERROR] cannot send on Error websocket @ http://localhost:8080/client.js:0
[ 1511919ms] [ERROR] cannot send on Error websocket @ http://localhost:8080/client.js:0
[ 1516422ms] [ERROR] cannot send on Error websocket @ http://localhost:8080/client.js:0
[ 1520924ms] [ERROR] cannot send on Error websocket @ http://localhost:8080/client.js:0
[ 1525426ms] [ERROR] cannot send on Error websocket @ http://localhost:8080/client.js:0
[ 1529928ms] [ERROR] cannot send on Error websocket @ http://localhost:8080/client.js:0
[ 1534430ms] [ERROR] cannot send on Error websocket @ http://localhost:8080/client.js:0
[ 1538932ms] [ERROR] cannot send on Error websocket @ http://localhost:8080/client.js:0
[ 1543434ms] [ERROR] cannot send on Error websocket @ http://localhost:8080/client.js:0
[ 1547936ms] [ERROR] cannot send on Error websocket @ http://localhost:8080/client.js:0
[ 1552439ms] [ERROR] cannot send on Error websocket @ http://localhost:8080/client.js:0
[ 1556941ms] [ERROR] cannot send on Error websocket @ http://localhost:8080/client.js:0
[ 1561443ms] [ERROR] cannot send on Error websocket @ http://localhost:8080/client.js:0
[ 1565944ms] [ERROR] cannot send on Error websocket @ http://localhost:8080/client.js:0
[ 1570447ms] [ERROR] cannot send on Error websocket @ http://localhost:8080/client.js:0
[ 1572147ms] [ERROR] cannot send on Error websocket @ http://localhost:8080/client.js:0
[ 1576649ms] [ERROR] cannot send on Error websocket @ http://localhost:8080/client.js:0
[ 1581152ms] [ERROR] cannot send on Error websocket @ http://localhost:8080/client.js:0
[ 1585654ms] [ERROR] cannot send on Error websocket @ http://localhost:8080/client.js:0
[ 1590156ms] [ERROR] cannot send on Error websocket @ http://localhost:8080/client.js:0
[ 1594657ms] [ERROR] cannot send on Error websocket @ http://localhost:8080/client.js:0
[ 1599160ms] [ERROR] cannot send on Error websocket @ http://localhost:8080/client.js:0
[ 1603662ms] [ERROR] cannot send on Error websocket @ http://localhost:8080/client.js:0
[ 1608164ms] [ERROR] cannot send on Error websocket @ http://localhost:8080/client.js:0
[ 1612666ms] [ERROR] cannot send on Error websocket @ http://localhost:8080/client.js:0
[ 1617168ms] [ERROR] cannot send on Error websocket @ http://localhost:8080/client.js:0
[ 1621670ms] [ERROR] cannot send on Error websocket @ http://localhost:8080/client.js:0
[ 1626172ms] [ERROR] cannot send on Error websocket @ http://localhost:8080/client.js:0
[ 1630674ms] [ERROR] cannot send on Error websocket @ http://localhost:8080/client.js:0
[ 1632375ms] [ERROR] cannot send on Error websocket @ http://localhost:8080/client.js:0
[ 1636878ms] [ERROR] cannot send on Error websocket @ http://localhost:8080/client.js:0
[ 1641379ms] [ERROR] cannot send on Error websocket @ http://localhost:8080/client.js:0
[ 1645881ms] [ERROR] cannot send on Error websocket @ http://localhost:8080/client.js:0
[ 1650383ms] [ERROR] cannot send on Error websocket @ http://localhost:8080/client.js:0
[ 1654885ms] [ERROR] cannot send on Error websocket @ http://localhost:8080/client.js:0
[ 1659388ms] [ERROR] cannot send on Error websocket @ http://localhost:8080/client.js:0
[ 1663889ms] [ERROR] cannot send on Error websocket @ http://localhost:8080/client.js:0
[ 1668392ms] [ERROR] cannot send on Error websocket @ http://localhost:8080/client.js:0
[ 1672894ms] [ERROR] cannot send on Error websocket @ http://localhost:8080/client.js:0
[ 1677396ms] [ERROR] cannot send on Error websocket @ http://localhost:8080/client.js:0
[ 1681898ms] [ERROR] cannot send on Error websocket @ http://localhost:8080/client.js:0
[ 1686399ms] [ERROR] cannot send on Error websocket @ http://localhost:8080/client.js:0
[ 1690901ms] [ERROR] cannot send on Error websocket @ http://localhost:8080/client.js:0
[ 1692603ms] [ERROR] cannot send on Error websocket @ http://localhost:8080/client.js:0
[ 1697105ms] [ERROR] cannot send on Error websocket @ http://localhost:8080/client.js:0
[ 1701607ms] [ERROR] cannot send on Error websocket @ http://localhost:8080/client.js:0
[ 1706109ms] [ERROR] cannot send on Error websocket @ http://localhost:8080/client.js:0
[ 1710611ms] [ERROR] cannot send on Error websocket @ http://localhost:8080/client.js:0
[ 1715113ms] [ERROR] cannot send on Error websocket @ http://localhost:8080/client.js:0
[ 1719615ms] [ERROR] cannot send on Error websocket @ http://localhost:8080/client.js:0
[ 1724118ms] [ERROR] cannot send on Error websocket @ http://localhost:8080/client.js:0
[ 1728619ms] [ERROR] cannot send on Error websocket @ http://localhost:8080/client.js:0
[ 1733121ms] [ERROR] cannot send on Error websocket @ http://localhost:8080/client.js:0
[ 1737623ms] [ERROR] cannot send on Error websocket @ http://localhost:8080/client.js:0
[ 1742126ms] [ERROR] cannot send on Error websocket @ http://localhost:8080/client.js:0
[ 1746627ms] [ERROR] cannot send on Error websocket @ http://localhost:8080/client.js:0
[ 1751129ms] [ERROR] cannot send on Error websocket @ http://localhost:8080/client.js:0
[ 1752831ms] [ERROR] cannot send on Error websocket @ http://localhost:8080/client.js:0
[ 1757332ms] [ERROR] cannot send on Error websocket @ http://localhost:8080/client.js:0
[ 1761835ms] [ERROR] cannot send on Error websocket @ http://localhost:8080/client.js:0
[ 1766337ms] [ERROR] cannot send on Error websocket @ http://localhost:8080/client.js:0
[ 1770838ms] [ERROR] cannot send on Error websocket @ http://localhost:8080/client.js:0
[ 1775341ms] [ERROR] cannot send on Error websocket @ http://localhost:8080/client.js:0
[ 1779843ms] [ERROR] cannot send on Error websocket @ http://localhost:8080/client.js:0
[ 1784345ms] [ERROR] cannot send on Error websocket @ http://localhost:8080/client.js:0
[ 1788847ms] [ERROR] cannot send on Error websocket @ http://localhost:8080/client.js:0
[ 1793349ms] [ERROR] cannot send on Error websocket @ http://localhost:8080/client.js:0
[ 1797851ms] [ERROR] cannot send on Error websocket @ http://localhost:8080/client.js:0
[ 1802353ms] [ERROR] cannot send on Error websocket @ http://localhost:8080/client.js:0
[ 1806855ms] [ERROR] cannot send on Error websocket @ http://localhost:8080/client.js:0
[ 1811357ms] [ERROR] cannot send on Error websocket @ http://localhost:8080/client.js:0
[ 1813059ms] [ERROR] cannot send on Error websocket @ http://localhost:8080/client.js:0
[ 1817561ms] [ERROR] cannot send on Error websocket @ http://localhost:8080/client.js:0
[ 1822063ms] [ERROR] cannot send on Error websocket @ http://localhost:8080/client.js:0
[ 1826565ms] [ERROR] cannot send on Error websocket @ http://localhost:8080/client.js:0
[ 1831066ms] [ERROR] cannot send on Error websocket @ http://localhost:8080/client.js:0
[ 1835569ms] [ERROR] cannot send on Error websocket @ http://localhost:8080/client.js:0
[ 1840071ms] [ERROR] cannot send on Error websocket @ http://localhost:8080/client.js:0
[ 1844573ms] [ERROR] cannot send on Error websocket @ http://localhost:8080/client.js:0
[ 1849075ms] [ERROR] cannot send on Error websocket @ http://localhost:8080/client.js:0
[ 1853577ms] [ERROR] cannot send on Error websocket @ http://localhost:8080/client.js:0
[ 1858080ms] [ERROR] cannot send on Error websocket @ http://localhost:8080/client.js:0
[ 1862581ms] [ERROR] cannot send on Error websocket @ http://localhost:8080/client.js:0
[ 1867084ms] [ERROR] cannot send on Error websocket @ http://localhost:8080/client.js:0
[ 1871586ms] [ERROR] cannot send on Error websocket @ http://localhost:8080/client.js:0
[ 1873286ms] [ERROR] cannot send on Error websocket @ http://localhost:8080/client.js:0
[ 1877788ms] [ERROR] cannot send on Error websocket @ http://localhost:8080/client.js:0
[ 1882290ms] [ERROR] cannot send on Error websocket @ http://localhost:8080/client.js:0
[ 1886793ms] [ERROR] cannot send on Error websocket @ http://localhost:8080/client.js:0
[ 1891295ms] [ERROR] cannot send on Error websocket @ http://localhost:8080/client.js:0
[ 1895796ms] [ERROR] cannot send on Error websocket @ http://localhost:8080/client.js:0
[ 1900299ms] [ERROR] cannot send on Error websocket @ http://localhost:8080/client.js:0
[ 1904801ms] [ERROR] cannot send on Error websocket @ http://localhost:8080/client.js:0
[ 1909302ms] [ERROR] cannot send on Error websocket @ http://localhost:8080/client.js:0
[ 1913804ms] [ERROR] cannot send on Error websocket @ http://localhost:8080/client.js:0
[ 1918306ms] [ERROR] cannot send on Error websocket @ http://localhost:8080/client.js:0
[ 1922809ms] [ERROR] cannot send on Error websocket @ http://localhost:8080/client.js:0
[ 1927311ms] [ERROR] cannot send on Error websocket @ http://localhost:8080/client.js:0
[ 1931813ms] [ERROR] cannot send on Error websocket @ http://localhost:8080/client.js:0
[ 1933513ms] [ERROR] cannot send on Error websocket @ http://localhost:8080/client.js:0
[ 1938015ms] [ERROR] cannot send on Error websocket @ http://localhost:8080/client.js:0
[ 1942518ms] [ERROR] cannot send on Error websocket @ http://localhost:8080/client.js:0
[ 1947020ms] [ERROR] cannot send on Error websocket @ http://localhost:8080/client.js:0
[ 1951522ms] [ERROR] cannot send on Error websocket @ http://localhost:8080/client.js:0
[ 1956025ms] [ERROR] cannot send on Error websocket @ http://localhost:8080/client.js:0
[ 1960527ms] [ERROR] cannot send on Error websocket @ http://localhost:8080/client.js:0
[ 1965027ms] [ERROR] cannot send on Error websocket @ http://localhost:8080/client.js:0
[ 1969530ms] [ERROR] cannot send on Error websocket @ http://localhost:8080/client.js:0
[ 1974032ms] [ERROR] cannot send on Error websocket @ http://localhost:8080/client.js:0
[ 1978534ms] [ERROR] cannot send on Error websocket @ http://localhost:8080/client.js:0
[ 1983037ms] [ERROR] cannot send on Error websocket @ http://localhost:8080/client.js:0
[ 1987538ms] [ERROR] cannot send on Error websocket @ http://localhost:8080/client.js:0
[ 1992040ms] [ERROR] cannot send on Error websocket @ http://localhost:8080/client.js:0
[ 1993741ms] [ERROR] cannot send on Error websocket @ http://localhost:8080/client.js:0
[ 1998243ms] [ERROR] cannot send on Error websocket @ http://localhost:8080/client.js:0
[ 2002746ms] [ERROR] cannot send on Error websocket @ http://localhost:8080/client.js:0
[ 2007248ms] [ERROR] cannot send on Error websocket @ http://localhost:8080/client.js:0
[ 2011749ms] [ERROR] cannot send on Error websocket @ http://localhost:8080/client.js:0
[ 2016251ms] [ERROR] cannot send on Error websocket @ http://localhost:8080/client.js:0
[ 2020753ms] [ERROR] cannot send on Error websocket @ http://localhost:8080/client.js:0
[ 2025256ms] [ERROR] cannot send on Error websocket @ http://localhost:8080/client.js:0
[ 2029758ms] [ERROR] cannot send on Error websocket @ http://localhost:8080/client.js:0
[ 2034260ms] [ERROR] cannot send on Error websocket @ http://localhost:8080/client.js:0
[ 2038762ms] [ERROR] cannot send on Error websocket @ http://localhost:8080/client.js:0
[ 2043264ms] [ERROR] cannot send on Error websocket @ http://localhost:8080/client.js:0
[ 2047767ms] [ERROR] cannot send on Error websocket @ http://localhost:8080/client.js:0
[ 2052269ms] [ERROR] cannot send on Error websocket @ http://localhost:8080/client.js:0
[ 2053969ms] [ERROR] cannot send on Error websocket @ http://localhost:8080/client.js:0
[ 2058471ms] [ERROR] cannot send on Error websocket @ http://localhost:8080/client.js:0
[ 2062973ms] [ERROR] cannot send on Error websocket @ http://localhost:8080/client.js:0
[ 2067475ms] [ERROR] cannot send on Error websocket @ http://localhost:8080/client.js:0
[ 2071977ms] [ERROR] cannot send on Error websocket @ http://localhost:8080/client.js:0
[ 2076479ms] [ERROR] cannot send on Error websocket @ http://localhost:8080/client.js:0
[ 2080981ms] [ERROR] cannot send on Error websocket @ http://localhost:8080/client.js:0
[ 2085483ms] [ERROR] cannot send on Error websocket @ http://localhost:8080/client.js:0
[ 2089986ms] [ERROR] cannot send on Error websocket @ http://localhost:8080/client.js:0
[ 2094488ms] [ERROR] cannot send on Error websocket @ http://localhost:8080/client.js:0
[ 2098990ms] [ERROR] cannot send on Error websocket @ http://localhost:8080/client.js:0
[ 2103492ms] [ERROR] cannot send on Error websocket @ http://localhost:8080/client.js:0
[ 2107993ms] [ERROR] cannot send on Error websocket @ http://localhost:8080/client.js:0
[ 2112496ms] [ERROR] cannot send on Error websocket @ http://localhost:8080/client.js:0
[ 2114197ms] [ERROR] cannot send on Error websocket @ http://localhost:8080/client.js:0
[ 2118699ms] [ERROR] cannot send on Error websocket @ http://localhost:8080/client.js:0
[ 2123200ms] [ERROR] cannot send on Error websocket @ http://localhost:8080/client.js:0
[ 2127703ms] [ERROR] cannot send on Error websocket @ http://localhost:8080/client.js:0
[ 2132205ms] [ERROR] cannot send on Error websocket @ http://localhost:8080/client.js:0
[ 2136708ms] [ERROR] cannot send on Error websocket @ http://localhost:8080/client.js:0
[ 2141208ms] [ERROR] cannot send on Error websocket @ http://localhost:8080/client.js:0
[ 2145712ms] [ERROR] cannot send on Error websocket @ http://localhost:8080/client.js:0
[ 2150213ms] [ERROR] cannot send on Error websocket @ http://localhost:8080/client.js:0
[ 2154715ms] [ERROR] cannot send on Error websocket @ http://localhost:8080/client.js:0
[ 2159218ms] [ERROR] cannot send on Error websocket @ http://localhost:8080/client.js:0
[ 2163719ms] [ERROR] cannot send on Error websocket @ http://localhost:8080/client.js:0
[ 2168221ms] [ERROR] cannot send on Error websocket @ http://localhost:8080/client.js:0
[ 2172723ms] [ERROR] cannot send on Error websocket @ http://localhost:8080/client.js:0
[ 2174425ms] [ERROR] cannot send on Error websocket @ http://localhost:8080/client.js:0
[ 2178926ms] [ERROR] cannot send on Error websocket @ http://localhost:8080/client.js:0
[ 2183428ms] [ERROR] cannot send on Error websocket @ http://localhost:8080/client.js:0
[ 2187930ms] [ERROR] cannot send on Error websocket @ http://localhost:8080/client.js:0
[ 2192432ms] [ERROR] cannot send on Error websocket @ http://localhost:8080/client.js:0
[ 2196935ms] [ERROR] cannot send on Error websocket @ http://localhost:8080/client.js:0
[ 2201437ms] [ERROR] cannot send on Error websocket @ http://localhost:8080/client.js:0
[ 2205939ms] [ERROR] cannot send on Error websocket @ http://localhost:8080/client.js:0
[ 2210442ms] [ERROR] cannot send on Error websocket @ http://localhost:8080/client.js:0
[ 2214944ms] [ERROR] cannot send on Error websocket @ http://localhost:8080/client.js:0
[ 2219445ms] [ERROR] cannot send on Error websocket @ http://localhost:8080/client.js:0
[ 2223947ms] [ERROR] cannot send on Error websocket @ http://localhost:8080/client.js:0
[ 2228450ms] [ERROR] cannot send on Error websocket @ http://localhost:8080/client.js:0
[ 2232952ms] [ERROR] cannot send on Error websocket @ http://localhost:8080/client.js:0
[ 2234653ms] [ERROR] cannot send on Error websocket @ http://localhost:8080/client.js:0
[ 2239154ms] [ERROR] cannot send on Error websocket @ http://localhost:8080/client.js:0
[ 2243657ms] [ERROR] cannot send on Error websocket @ http://localhost:8080/client.js:0
[ 2248157ms] [ERROR] cannot send on Error websocket @ http://localhost:8080/client.js:0
[ 2252661ms] [ERROR] cannot send on Error websocket @ http://localhost:8080/client.js:0
[ 2257162ms] [ERROR] cannot send on Error websocket @ http://localhost:8080/client.js:0
[ 2261665ms] [ERROR] cannot send on Error websocket @ http://localhost:8080/client.js:0
[ 2266166ms] [ERROR] cannot send on Error websocket @ http://localhost:8080/client.js:0
[ 2270669ms] [ERROR] cannot send on Error websocket @ http://localhost:8080/client.js:0
[ 2275171ms] [ERROR] cannot send on Error websocket @ http://localhost:8080/client.js:0
[ 2279673ms] [ERROR] cannot send on Error websocket @ http://localhost:8080/client.js:0
[ 2284175ms] [ERROR] cannot send on Error websocket @ http://localhost:8080/client.js:0
[ 2288678ms] [ERROR] cannot send on Error websocket @ http://localhost:8080/client.js:0
[ 2293178ms] [ERROR] cannot send on Error websocket @ http://localhost:8080/client.js:0
[ 2294880ms] [ERROR] cannot send on Error websocket @ http://localhost:8080/client.js:0
[ 2299380ms] [ERROR] cannot send on Error websocket @ http://localhost:8080/client.js:0
[ 2303878ms] [ERROR] cannot send on Error websocket @ http://localhost:8080/client.js:0
[ 2308378ms] [ERROR] cannot send on Error websocket @ http://localhost:8080/client.js:0
[ 2312878ms] [ERROR] cannot send on Error websocket @ http://localhost:8080/client.js:0
[ 2317380ms] [ERROR] cannot send on Error websocket @ http://localhost:8080/client.js:0
[ 2321881ms] [ERROR] cannot send on Error websocket @ http://localhost:8080/client.js:0
[ 2326382ms] [ERROR] cannot send on Error websocket @ http://localhost:8080/client.js:0
[ 2330884ms] [ERROR] cannot send on Error websocket @ http://localhost:8080/client.js:0
[ 2335386ms] [ERROR] cannot send on Error websocket @ http://localhost:8080/client.js:0
[ 2339887ms] [ERROR] cannot send on Error websocket @ http://localhost:8080/client.js:0
[ 2344389ms] [ERROR] cannot send on Error websocket @ http://localhost:8080/client.js:0
[ 2348890ms] [ERROR] cannot send on Error websocket @ http://localhost:8080/client.js:0
[ 2353393ms] [ERROR] cannot send on Error websocket @ http://localhost:8080/client.js:0
[ 2355093ms] [ERROR] cannot send on Error websocket @ http://localhost:8080/client.js:0
[ 2359595ms] [ERROR] cannot send on Error websocket @ http://localhost:8080/client.js:0
[ 2364097ms] [ERROR] cannot send on Error websocket @ http://localhost:8080/client.js:0
[ 2368599ms] [ERROR] cannot send on Error websocket @ http://localhost:8080/client.js:0
[ 2373102ms] [ERROR] cannot send on Error websocket @ http://localhost:8080/client.js:0
[ 2377603ms] [ERROR] cannot send on Error websocket @ http://localhost:8080/client.js:0
[ 2382105ms] [ERROR] cannot send on Error websocket @ http://localhost:8080/client.js:0
[ 2386608ms] [ERROR] cannot send on Error websocket @ http://localhost:8080/client.js:0
[ 2391110ms] [ERROR] cannot send on Error websocket @ http://localhost:8080/client.js:0
[ 2395612ms] [ERROR] cannot send on Error websocket @ http://localhost:8080/client.js:0
[ 2400113ms] [ERROR] cannot send on Error websocket @ http://localhost:8080/client.js:0
[ 2404615ms] [ERROR] cannot send on Error websocket @ http://localhost:8080/client.js:0
[ 2409118ms] [ERROR] cannot send on Error websocket @ http://localhost:8080/client.js:0
[ 2413620ms] [ERROR] cannot send on Error websocket @ http://localhost:8080/client.js:0
[ 2415321ms] [ERROR] cannot send on Error websocket @ http://localhost:8080/client.js:0
[ 2419823ms] [ERROR] cannot send on Error websocket @ http://localhost:8080/client.js:0
[ 2424325ms] [ERROR] cannot send on Error websocket @ http://localhost:8080/client.js:0
[ 2428826ms] [ERROR] cannot send on Error websocket @ http://localhost:8080/client.js:0
[ 2433329ms] [ERROR] cannot send on Error websocket @ http://localhost:8080/client.js:0
[ 2437830ms] [ERROR] cannot send on Error websocket @ http://localhost:8080/client.js:0
[ 2442333ms] [ERROR] cannot send on Error websocket @ http://localhost:8080/client.js:0
[ 2446835ms] [ERROR] cannot send on Error websocket @ http://localhost:8080/client.js:0
[ 2451336ms] [ERROR] cannot send on Error websocket @ http://localhost:8080/client.js:0
[ 2455839ms] [ERROR] cannot send on Error websocket @ http://localhost:8080/client.js:0
[ 2460341ms] [ERROR] cannot send on Error websocket @ http://localhost:8080/client.js:0
[ 2464843ms] [ERROR] cannot send on Error websocket @ http://localhost:8080/client.js:0
[ 2469345ms] [ERROR] cannot send on Error websocket @ http://localhost:8080/client.js:0
[ 2473847ms] [ERROR] cannot send on Error websocket @ http://localhost:8080/client.js:0
[ 2475548ms] [ERROR] cannot send on Error websocket @ http://localhost:8080/client.js:0
[ 2480050ms] [ERROR] cannot send on Error websocket @ http://localhost:8080/client.js:0
[ 2484552ms] [ERROR] cannot send on Error websocket @ http://localhost:8080/client.js:0
[ 2489054ms] [ERROR] cannot send on Error websocket @ http://localhost:8080/client.js:0
[ 2493556ms] [ERROR] cannot send on Error websocket @ http://localhost:8080/client.js:0
[ 2498058ms] [ERROR] cannot send on Error websocket @ http://localhost:8080/client.js:0
[ 2502560ms] [ERROR] cannot send on Error websocket @ http://localhost:8080/client.js:0
[ 2507063ms] [ERROR] cannot send on Error websocket @ http://localhost:8080/client.js:0
[ 2511564ms] [ERROR] cannot send on Error websocket @ http://localhost:8080/client.js:0
[ 2516066ms] [ERROR] cannot send on Error websocket @ http://localhost:8080/client.js:0
[ 2520569ms] [ERROR] cannot send on Error websocket @ http://localhost:8080/client.js:0
[ 2525071ms] [ERROR] cannot send on Error websocket @ http://localhost:8080/client.js:0
[ 2529573ms] [ERROR] cannot send on Error websocket @ http://localhost:8080/client.js:0
[ 2534074ms] [ERROR] cannot send on Error websocket @ http://localhost:8080/client.js:0
[ 2535776ms] [ERROR] cannot send on Error websocket @ http://localhost:8080/client.js:0
[ 2540278ms] [ERROR] cannot send on Error websocket @ http://localhost:8080/client.js:0
[ 2544780ms] [ERROR] cannot send on Error websocket @ http://localhost:8080/client.js:0
[ 2549280ms] [ERROR] cannot send on Error websocket @ http://localhost:8080/client.js:0
[ 2553783ms] [ERROR] cannot send on Error websocket @ http://localhost:8080/client.js:0
[ 2558286ms] [ERROR] cannot send on Error websocket @ http://localhost:8080/client.js:0
[ 2562788ms] [ERROR] cannot send on Error websocket @ http://localhost:8080/client.js:0
[ 2567289ms] [ERROR] cannot send on Error websocket @ http://localhost:8080/client.js:0
[ 2571792ms] [ERROR] cannot send on Error websocket @ http://localhost:8080/client.js:0
[ 2576294ms] [ERROR] cannot send on Error websocket @ http://localhost:8080/client.js:0
[ 2580795ms] [ERROR] cannot send on Error websocket @ http://localhost:8080/client.js:0
[ 2585298ms] [ERROR] cannot send on Error websocket @ http://localhost:8080/client.js:0
[ 2589800ms] [ERROR] cannot send on Error websocket @ http://localhost:8080/client.js:0
[ 2594302ms] [ERROR] cannot send on Error websocket @ http://localhost:8080/client.js:0
[ 2596003ms] [ERROR] cannot send on Error websocket @ http://localhost:8080/client.js:0
[ 2600505ms] [ERROR] cannot send on Error websocket @ http://localhost:8080/client.js:0
[ 2605007ms] [ERROR] cannot send on Error websocket @ http://localhost:8080/client.js:0
[ 2609509ms] [ERROR] cannot send on Error websocket @ http://localhost:8080/client.js:0
[ 2614011ms] [ERROR] cannot send on Error websocket @ http://localhost:8080/client.js:0
[ 2618513ms] [ERROR] cannot send on Error websocket @ http://localhost:8080/client.js:0
[ 2623015ms] [ERROR] cannot send on Error websocket @ http://localhost:8080/client.js:0
[ 2627517ms] [ERROR] cannot send on Error websocket @ http://localhost:8080/client.js:0
[ 2632019ms] [ERROR] cannot send on Error websocket @ http://localhost:8080/client.js:0
[ 2636521ms] [ERROR] cannot send on Error websocket @ http://localhost:8080/client.js:0
[ 2641023ms] [ERROR] cannot send on Error websocket @ http://localhost:8080/client.js:0
[ 2645526ms] [ERROR] cannot send on Error websocket @ http://localhost:8080/client.js:0
[ 2650027ms] [ERROR] cannot send on Error websocket @ http://localhost:8080/client.js:0
[ 2654529ms] [ERROR] cannot send on Error websocket @ http://localhost:8080/client.js:0
[ 2656231ms] [ERROR] cannot send on Error websocket @ http://localhost:8080/client.js:0
[ 2660732ms] [ERROR] cannot send on Error websocket @ http://localhost:8080/client.js:0
[ 2665234ms] [ERROR] cannot send on Error websocket @ http://localhost:8080/client.js:0
[ 2669735ms] [ERROR] cannot send on Error websocket @ http://localhost:8080/client.js:0
[ 2674238ms] [ERROR] cannot send on Error websocket @ http://localhost:8080/client.js:0
[ 2678741ms] [ERROR] cannot send on Error websocket @ http://localhost:8080/client.js:0
[ 2683243ms] [ERROR] cannot send on Error websocket @ http://localhost:8080/client.js:0
[ 2687745ms] [ERROR] cannot send on Error websocket @ http://localhost:8080/client.js:0
[ 2692246ms] [ERROR] cannot send on Error websocket @ http://localhost:8080/client.js:0
[ 2696748ms] [ERROR] cannot send on Error websocket @ http://localhost:8080/client.js:0
[ 2701251ms] [ERROR] cannot send on Error websocket @ http://localhost:8080/client.js:0
[ 2705752ms] [ERROR] cannot send on Error websocket @ http://localhost:8080/client.js:0
[ 2710255ms] [ERROR] cannot send on Error websocket @ http://localhost:8080/client.js:0
[ 2714757ms] [ERROR] cannot send on Error websocket @ http://localhost:8080/client.js:0
[ 2716458ms] [ERROR] cannot send on Error websocket @ http://localhost:8080/client.js:0
[ 2720960ms] [ERROR] cannot send on Error websocket @ http://localhost:8080/client.js:0
[ 2725462ms] [ERROR] cannot send on Error websocket @ http://localhost:8080/client.js:0
[ 2729964ms] [ERROR] cannot send on Error websocket @ http://localhost:8080/client.js:0
[ 2734466ms] [ERROR] cannot send on Error websocket @ http://localhost:8080/client.js:0
[ 2738968ms] [ERROR] cannot send on Error websocket @ http://localhost:8080/client.js:0
[ 2743470ms] [ERROR] cannot send on Error websocket @ http://localhost:8080/client.js:0
[ 2747972ms] [ERROR] cannot send on Error websocket @ http://localhost:8080/client.js:0
[ 2752474ms] [ERROR] cannot send on Error websocket @ http://localhost:8080/client.js:0
[ 2756976ms] [ERROR] cannot send on Error websocket @ http://localhost:8080/client.js:0
[ 2761477ms] [ERROR] cannot send on Error websocket @ http://localhost:8080/client.js:0
[ 2765980ms] [ERROR] cannot send on Error websocket @ http://localhost:8080/client.js:0
[ 2770482ms] [ERROR] cannot send on Error websocket @ http://localhost:8080/client.js:0
[ 2774984ms] [ERROR] cannot send on Error websocket @ http://localhost:8080/client.js:0
[ 2776685ms] [ERROR] cannot send on Error websocket @ http://localhost:8080/client.js:0
[ 2781187ms] [ERROR] cannot send on Error websocket @ http://localhost:8080/client.js:0
[ 2785689ms] [ERROR] cannot send on Error websocket @ http://localhost:8080/client.js:0
[ 2790191ms] [ERROR] cannot send on Error websocket @ http://localhost:8080/client.js:0
[ 2794693ms] [ERROR] cannot send on Error websocket @ http://localhost:8080/client.js:0
[ 2799195ms] [ERROR] cannot send on Error websocket @ http://localhost:8080/client.js:0
[ 2803697ms] [ERROR] cannot send on Error websocket @ http://localhost:8080/client.js:0
[ 2808199ms] [ERROR] cannot send on Error websocket @ http://localhost:8080/client.js:0
[ 2812701ms] [ERROR] cannot send on Error websocket @ http://localhost:8080/client.js:0
[ 2817204ms] [ERROR] cannot send on Error websocket @ http://localhost:8080/client.js:0
[ 2821705ms] [ERROR] cannot send on Error websocket @ http://localhost:8080/client.js:0
[ 2826208ms] [ERROR] cannot send on Error websocket @ http://localhost:8080/client.js:0
[ 2830710ms] [ERROR] cannot send on Error websocket @ http://localhost:8080/client.js:0
[ 2835212ms] [ERROR] cannot send on Error websocket @ http://localhost:8080/client.js:0
[ 2836913ms] [ERROR] cannot send on Error websocket @ http://localhost:8080/client.js:0
[ 2841415ms] [ERROR] cannot send on Error websocket @ http://localhost:8080/client.js:0
[ 2845917ms] [ERROR] cannot send on Error websocket @ http://localhost:8080/client.js:0
[ 2850418ms] [ERROR] cannot send on Error websocket @ http://localhost:8080/client.js:0
[ 2854921ms] [ERROR] cannot send on Error websocket @ http://localhost:8080/client.js:0
[ 2859423ms] [ERROR] cannot send on Error websocket @ http://localhost:8080/client.js:0
[ 2863925ms] [ERROR] cannot send on Error websocket @ http://localhost:8080/client.js:0
[ 2868427ms] [ERROR] cannot send on Error websocket @ http://localhost:8080/client.js:0
[ 2872929ms] [ERROR] cannot send on Error websocket @ http://localhost:8080/client.js:0
[ 2877431ms] [ERROR] cannot send on Error websocket @ http://localhost:8080/client.js:0
[ 2881933ms] [ERROR] cannot send on Error websocket @ http://localhost:8080/client.js:0
[ 2886435ms] [ERROR] cannot send on Error websocket @ http://localhost:8080/client.js:0
[ 2890937ms] [ERROR] cannot send on Error websocket @ http://localhost:8080/client.js:0
[ 2895440ms] [ERROR] cannot send on Error websocket @ http://localhost:8080/client.js:0
[ 2897140ms] [ERROR] cannot send on Error websocket @ http://localhost:8080/client.js:0
[ 2901642ms] [ERROR] cannot send on Error websocket @ http://localhost:8080/client.js:0
[ 2906144ms] [ERROR] cannot send on Error websocket @ http://localhost:8080/client.js:0
[ 2910646ms] [ERROR] cannot send on Error websocket @ http://localhost:8080/client.js:0
[ 2915148ms] [ERROR] cannot send on Error websocket @ http://localhost:8080/client.js:0
[ 2919651ms] [ERROR] cannot send on Error websocket @ http://localhost:8080/client.js:0
[ 2924152ms] [ERROR] cannot send on Error websocket @ http://localhost:8080/client.js:0
[ 2928654ms] [ERROR] cannot send on Error websocket @ http://localhost:8080/client.js:0
[ 2933156ms] [ERROR] cannot send on Error websocket @ http://localhost:8080/client.js:0
[ 2937658ms] [ERROR] cannot send on Error websocket @ http://localhost:8080/client.js:0
[ 2942161ms] [ERROR] cannot send on Error websocket @ http://localhost:8080/client.js:0
[ 2946663ms] [ERROR] cannot send on Error websocket @ http://localhost:8080/client.js:0
[ 2951164ms] [ERROR] cannot send on Error websocket @ http://localhost:8080/client.js:0
[ 2955666ms] [ERROR] cannot send on Error websocket @ http://localhost:8080/client.js:0
[ 2957368ms] [ERROR] cannot send on Error websocket @ http://localhost:8080/client.js:0
[ 2961869ms] [ERROR] cannot send on Error websocket @ http://localhost:8080/client.js:0
[ 2966372ms] [ERROR] cannot send on Error websocket @ http://localhost:8080/client.js:0
[ 2970873ms] [ERROR] cannot send on Error websocket @ http://localhost:8080/client.js:0
[ 2975375ms] [ERROR] cannot send on Error websocket @ http://localhost:8080/client.js:0
[ 2979878ms] [ERROR] cannot send on Error websocket @ http://localhost:8080/client.js:0
[ 2984380ms] [ERROR] cannot send on Error websocket @ http://localhost:8080/client.js:0
[ 2988882ms] [ERROR] cannot send on Error websocket @ http://localhost:8080/client.js:0
[ 2993384ms] [ERROR] cannot send on Error websocket @ http://localhost:8080/client.js:0
[ 2997886ms] [ERROR] cannot send on Error websocket @ http://localhost:8080/client.js:0
[ 3002388ms] [ERROR] cannot send on Error websocket @ http://localhost:8080/client.js:0
[ 3006890ms] [ERROR] cannot send on Error websocket @ http://localhost:8080/client.js:0
[ 3011392ms] [ERROR] cannot send on Error websocket @ http://localhost:8080/client.js:0
[ 3015894ms] [ERROR] cannot send on Error websocket @ http://localhost:8080/client.js:0
[ 3017595ms] [ERROR] cannot send on Error websocket @ http://localhost:8080/client.js:0
[ 3022097ms] [ERROR] cannot send on Error websocket @ http://localhost:8080/client.js:0
[ 3026599ms] [ERROR] cannot send on Error websocket @ http://localhost:8080/client.js:0
[ 3031101ms] [ERROR] cannot send on Error websocket @ http://localhost:8080/client.js:0
[ 3035603ms] [ERROR] cannot send on Error websocket @ http://localhost:8080/client.js:0
[ 3040105ms] [ERROR] cannot send on Error websocket @ http://localhost:8080/client.js:0
[ 3044607ms] [ERROR] cannot send on Error websocket @ http://localhost:8080/client.js:0
[ 3049109ms] [ERROR] cannot send on Error websocket @ http://localhost:8080/client.js:0
[ 3053611ms] [ERROR] cannot send on Error websocket @ http://localhost:8080/client.js:0
[ 3058113ms] [ERROR] cannot send on Error websocket @ http://localhost:8080/client.js:0
[ 3062615ms] [ERROR] cannot send on Error websocket @ http://localhost:8080/client.js:0
[ 3067117ms] [ERROR] cannot send on Error websocket @ http://localhost:8080/client.js:0
[ 3071620ms] [ERROR] cannot send on Error websocket @ http://localhost:8080/client.js:0
[ 3076121ms] [ERROR] cannot send on Error websocket @ http://localhost:8080/client.js:0
[ 3077822ms] [ERROR] cannot send on Error websocket @ http://localhost:8080/client.js:0
[ 3082324ms] [ERROR] cannot send on Error websocket @ http://localhost:8080/client.js:0
[ 3086826ms] [ERROR] cannot send on Error websocket @ http://localhost:8080/client.js:0
[ 3091328ms] [ERROR] cannot send on Error websocket @ http://localhost:8080/client.js:0
[ 3095831ms] [ERROR] cannot send on Error websocket @ http://localhost:8080/client.js:0
[ 3100333ms] [ERROR] cannot send on Error websocket @ http://localhost:8080/client.js:0
[ 3104835ms] [ERROR] cannot send on Error websocket @ http://localhost:8080/client.js:0
[ 3109336ms] [ERROR] cannot send on Error websocket @ http://localhost:8080/client.js:0
[ 3113839ms] [ERROR] cannot send on Error websocket @ http://localhost:8080/client.js:0
[ 3118341ms] [ERROR] cannot send on Error websocket @ http://localhost:8080/client.js:0
[ 3122843ms] [ERROR] cannot send on Error websocket @ http://localhost:8080/client.js:0
[ 3127344ms] [ERROR] cannot send on Error websocket @ http://localhost:8080/client.js:0
[ 3131847ms] [ERROR] cannot send on Error websocket @ http://localhost:8080/client.js:0
[ 3136349ms] [ERROR] cannot send on Error websocket @ http://localhost:8080/client.js:0
[ 3138050ms] [ERROR] cannot send on Error websocket @ http://localhost:8080/client.js:0
[ 3142552ms] [ERROR] cannot send on Error websocket @ http://localhost:8080/client.js:0
[ 3147054ms] [ERROR] cannot send on Error websocket @ http://localhost:8080/client.js:0
[ 3151556ms] [ERROR] cannot send on Error websocket @ http://localhost:8080/client.js:0
[ 3156058ms] [ERROR] cannot send on Error websocket @ http://localhost:8080/client.js:0
[ 3160560ms] [ERROR] cannot send on Error websocket @ http://localhost:8080/client.js:0
[ 3165062ms] [ERROR] cannot send on Error websocket @ http://localhost:8080/client.js:0
[ 3169564ms] [ERROR] cannot send on Error websocket @ http://localhost:8080/client.js:0
[ 3174066ms] [ERROR] cannot send on Error websocket @ http://localhost:8080/client.js:0
[ 3178568ms] [ERROR] cannot send on Error websocket @ http://localhost:8080/client.js:0
[ 3183070ms] [ERROR] cannot send on Error websocket @ http://localhost:8080/client.js:0
[ 3187572ms] [ERROR] cannot send on Error websocket @ http://localhost:8080/client.js:0
[ 3192074ms] [ERROR] cannot send on Error websocket @ http://localhost:8080/client.js:0
[ 3196576ms] [ERROR] cannot send on Error websocket @ http://localhost:8080/client.js:0
[ 3198276ms] [ERROR] cannot send on Error websocket @ http://localhost:8080/client.js:0
[ 3202779ms] [ERROR] cannot send on Error websocket @ http://localhost:8080/client.js:0
[ 3207281ms] [ERROR] cannot send on Error websocket @ http://localhost:8080/client.js:0
[ 3211783ms] [ERROR] cannot send on Error websocket @ http://localhost:8080/client.js:0
[ 3216285ms] [ERROR] cannot send on Error websocket @ http://localhost:8080/client.js:0
[ 3220786ms] [ERROR] cannot send on Error websocket @ http://localhost:8080/client.js:0
[ 3225289ms] [ERROR] cannot send on Error websocket @ http://localhost:8080/client.js:0
[ 3229792ms] [ERROR] cannot send on Error websocket @ http://localhost:8080/client.js:0
[ 3234294ms] [ERROR] cannot send on Error websocket @ http://localhost:8080/client.js:0
[ 3238796ms] [ERROR] cannot send on Error websocket @ http://localhost:8080/client.js:0
[ 3243298ms] [ERROR] cannot send on Error websocket @ http://localhost:8080/client.js:0
[ 3247800ms] [ERROR] cannot send on Error websocket @ http://localhost:8080/client.js:0
[ 3252302ms] [ERROR] cannot send on Error websocket @ http://localhost:8080/client.js:0
[ 3256804ms] [ERROR] cannot send on Error websocket @ http://localhost:8080/client.js:0
[ 3258505ms] [ERROR] cannot send on Error websocket @ http://localhost:8080/client.js:0
[ 3263007ms] [ERROR] cannot send on Error websocket @ http://localhost:8080/client.js:0
[ 3267509ms] [ERROR] cannot send on Error websocket @ http://localhost:8080/client.js:0
[ 3272011ms] [ERROR] cannot send on Error websocket @ http://localhost:8080/client.js:0
[ 3276514ms] [ERROR] cannot send on Error websocket @ http://localhost:8080/client.js:0
[ 3281015ms] [ERROR] cannot send on Error websocket @ http://localhost:8080/client.js:0
[ 3285517ms] [ERROR] cannot send on Error websocket @ http://localhost:8080/client.js:0
[ 3290019ms] [ERROR] cannot send on Error websocket @ http://localhost:8080/client.js:0
[ 3294521ms] [ERROR] cannot send on Error websocket @ http://localhost:8080/client.js:0
[ 3299023ms] [ERROR] cannot send on Error websocket @ http://localhost:8080/client.js:0
[ 3303525ms] [ERROR] cannot send on Error websocket @ http://localhost:8080/client.js:0
[ 3308026ms] [ERROR] cannot send on Error websocket @ http://localhost:8080/client.js:0
[ 3312529ms] [ERROR] cannot send on Error websocket @ http://localhost:8080/client.js:0
[ 3317032ms] [ERROR] cannot send on Error websocket @ http://localhost:8080/client.js:0
[ 3318733ms] [ERROR] cannot send on Error websocket @ http://localhost:8080/client.js:0
[ 3323235ms] [ERROR] cannot send on Error websocket @ http://localhost:8080/client.js:0
[ 3327736ms] [ERROR] cannot send on Error websocket @ http://localhost:8080/client.js:0
[ 3332238ms] [ERROR] cannot send on Error websocket @ http://localhost:8080/client.js:0
[ 3336740ms] [ERROR] cannot send on Error websocket @ http://localhost:8080/client.js:0
[ 3341242ms] [ERROR] cannot send on Error websocket @ http://localhost:8080/client.js:0
[ 3345744ms] [ERROR] cannot send on Error websocket @ http://localhost:8080/client.js:0
[ 3350247ms] [ERROR] cannot send on Error websocket @ http://localhost:8080/client.js:0
[ 3354749ms] [ERROR] cannot send on Error websocket @ http://localhost:8080/client.js:0
[ 3359250ms] [ERROR] cannot send on Error websocket @ http://localhost:8080/client.js:0
[ 3363753ms] [ERROR] cannot send on Error websocket @ http://localhost:8080/client.js:0
